GROUP,PACKAGE,CLASS,INSTRUCTION_MISSED,INSTRUCTION_COVERED,BRANCH_MISSED,BRANCH_COVERED,LINE_MISSED,LINE_COVERED,COMPLEXITY_MISSED,COMPLEXITY_COVERED,METHOD_MISSED,METHOD_COVERED
common-base-ldaptive-security,org.bremersee.security.core.userdetails,LdaptivePasswordEncoder,3,191,5,19,0,42,5,18,0,11
common-base-ldaptive-security,org.bremersee.security.core.userdetails,UserDetailsLdapMapper,0,183,0,14,0,43,0,28,0,21
common-base-ldaptive-security,org.bremersee.security.core.userdetails,UserDetailsLdapMapper.GrantedAuthorityValueTranscoder,0,65,0,4,0,15,0,10,0,8
common-base-ldaptive-security,org.bremersee.security.core.userdetails,AbstractUserDetailsService,1,121,2,4,0,28,2,14,0,13
common-base-ldaptive-security,org.bremersee.security.core.userdetails,LdaptivePasswordMatcher,7,151,5,7,1,47,5,16,0,15
common-base-ldaptive-security,org.bremersee.security.core.userdetails,ReactiveLdaptiveUserDetailsService,0,60,0,0,0,19,0,5,0,5
common-base-ldaptive-security,org.bremersee.security.core.userdetails,LdaptiveUserDetailsService,6,60,0,0,0,19,1,4,1,4
